2014-08-26 16:16:26,071 | ERROR | [main] | org.logicalcobwebs.proxool.ProxoolDriver:connect(108) ----> Problem 
org.logicalcobwebs.proxool.ProxoolException: Attempt to refer to a unregistered pool by its alias 'MSSQL'
	at org.logicalcobwebs.proxool.ConnectionPoolDefinition.doChange(ConnectionPoolDefinition.java:246)
	at org.logicalcobwebs.proxool.ConnectionPoolDefinition.<init>(ConnectionPoolDefinition.java:143)
	at org.logicalcobwebs.proxool.ProxoolFacade.registerConnectionPool(ProxoolFacade.java:96)
	at org.logicalcobwebs.proxool.ProxoolDriver.connect(ProxoolDriver.java:77)
	at java.sql.DriverManager.getConnection(DriverManager.java:582)
	at java.sql.DriverManager.getConnection(DriverManager.java:207)
	at MyConnection.MyConnection.getConnection(MyConnection.java:40)
	at MyConnection.MyGetData.getConnection(MyGetData.java:34)
	at MyConnection.MyGetData.GetData_Pro(MyGetData.java:108)
	at Service.DefineMT.Select(DefineMT.java:156)
	at Service.DefineMT.GetAllMT(DefineMT.java:179)
	at MyProcessServer.ConsoleSRV.<init>(ConsoleSRV.java:81)
	at MyProcessServer.ConsoleSRV.main(ConsoleSRV.java:336)
2014-08-26 16:16:26,094 | ERROR | [main] | class MyProcessServer.ConsoleSRV:<init>(91) ----> java.sql.SQLException: org.logicalcobwebs.proxool.ProxoolException: Attempt to refer to a unregistered pool by its alias 'MSSQL' 
2014-08-26 16:16:26,096 | DEBUG | [Thread-0] | class MyProcessServer.ConsoleSRV:run(356) ----> Listen MO............................................................... 
2014-08-26 16:16:26,135 |  INFO | [Thread-4] | class MyProcessServer.ConsoleSRV:windowClosing(171) ----> 
Waiting ..... 
2014-08-26 16:16:53,802 |  INFO | [Thread-4] | class MyProcessServer.ProcessLoadKeyword:run(115) ----> LoadConfig - Start 
2014-08-26 16:16:56,019 | DEBUG | [main] | class MyProcessServer.ConsoleSRV:Init(117) ----> Loaded. 
2014-08-26 16:16:56,021 |  INFO | [main] | class MyProcessServer.ConsoleSRV:loadSMSDataTable(225) ----> loadSMSDataTable:data.dat 
2014-08-26 16:16:56,022 |  INFO | [main] | class MyProcessServer.ConsoleSRV:loadSMSDataTable(234) ----> data.dat is empty 
2014-08-26 16:16:56,024 |  INFO | [main] | class MyProcessServer.ConsoleSRV:loadSMSDataTable(277) ----> Deleting.....: data.dat 
2014-08-26 16:16:56,024 |  INFO | [main] | class MyProcessServer.ConsoleSRV:loadSMSDataTable(225) ----> loadSMSDataTable:receivelog.dat 
2014-08-26 16:16:56,025 |  INFO | [main] | class MyProcessServer.ConsoleSRV:loadSMSDataTable(234) ----> receivelog.dat is empty 
2014-08-26 16:16:56,026 |  INFO | [main] | class MyProcessServer.ConsoleSRV:loadSMSDataTable(277) ----> Deleting.....: receivelog.dat 
2014-08-26 16:16:56,026 | DEBUG | [main] | class MyProcessServer.ConsoleSRV:Init(124) ----> Start: LoadMO 
2014-08-26 16:16:56,080 | DEBUG | [main] | class MyProcessServer.ConsoleSRV:Init(137) ----> Start: ExecuteQueue 
2014-08-26 16:16:56,167 | DEBUG | [main] | class MyProcessServer.ConsoleSRV:Init(145) ----> Start: ExecuteInsertReceiveLog 
2014-08-26 16:16:56,207 | DEBUG | [Thread-20] | class MyProcess.CheckCharge:run(31) ----> ---------------BAT DAU CHECK CHARGING -------------------- 
2014-08-26 16:16:56,209 | DEBUG | [Thread-20] | class MyProcess.CheckCharge:run(61) ----> CHECK CHARGING SE Delay 60 Phut. 
2014-08-26 16:16:56,209 | DEBUG | [Thread-20] | class MyProcess.CheckCharge:run(62) ----> ---------------KET THUC CHECK PUSH -------------------- 
2014-08-26 16:16:56,208 | DEBUG | [Thread-0] | class MyProcessServer.ConsoleSRV:run(356) ----> Listen MO............................................................... 
